TN:
SF:packages/color-alpha/src/Pointer.tsx
FN:10,(anonymous_0)
FNF:1
FNH:1
FNDA:5,(anonymous_0)
DA:10,3
DA:11,5
DA:17,5
DA:26,5
LF:4
LH:4
BRDA:24,0,0,3
BRDA:24,0,1,2
BRDA:27,1,0,5
BRDA:27,1,1,5
BRF:4
BRH:4
end_of_record
TN:
SF:packages/color-alpha/src/index.tsx
FN:35,(anonymous_0)
FN:54,(anonymous_1)
FNF:2
FNH:2
FNDA:5,(anonymous_0)
FNDA:3,(anonymous_1)
DA:33,3
DA:35,3
DA:52,5
DA:54,5
DA:55,3
DA:58,5
DA:59,5
DA:62,5
DA:63,5
DA:64,3
DA:66,2
DA:68,5
DA:81,5
DA:87,5
DA:121,3
LF:15
LH:15
BRDA:37,0,0,5
BRDA:41,1,0,5
BRDA:42,2,0,2
BRDA:43,3,0,5
BRDA:44,4,0,5
BRDA:46,5,0,5
BRDA:47,6,0,3
BRDA:55,7,0,3
BRDA:55,7,1,3
BRDA:55,8,0,1
BRDA:55,8,1,2
BRDA:60,9,0,3
BRDA:60,9,1,2
BRDA:63,10,0,3
BRDA:63,10,1,2
BRDA:81,11,0,0
BRDA:81,11,1,5
BRDA:81,12,0,5
BRDA:81,12,1,0
BRDA:90,13,0,5
BRDA:90,13,1,5
BRDA:99,14,0,5
BRDA:99,14,1,5
BRF:23
BRH:21
end_of_record
TN:
SF:packages/color-block/src/index.tsx
FN:23,(anonymous_0)
FN:27,(anonymous_1)
FN:30,(anonymous_2)
FN:95,(anonymous_3)
FN:96,(anonymous_4)
FNF:5
FNH:5
FNDA:5,(anonymous_0)
FNDA:1,(anonymous_1)
FNDA:3,(anonymous_2)
FNDA:2,(anonymous_3)
FNDA:1,(anonymous_4)
DA:14,1
DA:23,1
DA:24,5
DA:25,5
DA:26,5
DA:27,5
DA:28,1
DA:30,5
DA:31,3
DA:32,1
DA:35,5
DA:45,5
DA:95,2
DA:97,1
DA:98,1
DA:99,1
DA:117,1
LF:17
LH:17
BRDA:24,0,0,5
BRDA:24,1,0,5
BRDA:25,2,0,3
BRDA:25,2,1,2
BRDA:25,3,0,5
BRDA:25,3,1,3
BRDA:26,4,0,3
BRDA:26,4,1,2
BRDA:28,5,0,1
BRDA:28,5,1,1
BRDA:31,6,0,1
BRDA:31,6,1,2
BRDA:31,7,0,3
BRDA:31,7,1,2
BRDA:31,7,2,1
BRDA:32,8,0,1
BRDA:32,8,1,1
BRF:17
BRH:17
end_of_record
TN:
SF:packages/color-chrome/src/Arrow.tsx
FN:5,Arrow
FN:8,(anonymous_1)
FN:12,(anonymous_2)
FNF:3
FNH:3
FNDA:18,Arrow
FNDA:1,(anonymous_1)
FNDA:1,(anonymous_2)
DA:6,18
DA:7,18
DA:8,18
DA:9,1
DA:12,18
DA:13,1
DA:15,18
LF:7
LH:7
BRF:0
BRH:0
end_of_record
TN:
SF:packages/color-chrome/src/EyeDropper.tsx
FN:9,EyeDropper
FN:10,(anonymous_1)
FN:13,(anonymous_2)
FNF:3
FNH:0
FNDA:0,EyeDropper
FNDA:0,(anonymous_1)
FNDA:0,(anonymous_2)
DA:3,1
DA:10,0
DA:11,0
DA:12,0
DA:13,0
DA:14,0
DA:15,0
DA:19,0
LF:8
LH:1
BRDA:11,0,0,0
BRDA:11,0,1,0
BRF:2
BRH:0
end_of_record
TN:
SF:packages/color-chrome/src/index.tsx
FN:37,(anonymous_0)
FN:56,(anonymous_1)
FN:58,(anonymous_2)
FN:86,(anonymous_3)
FN:109,(anonymous_4)
FN:128,(anonymous_5)
FN:140,(anonymous_6)
FN:153,(anonymous_7)
FN:170,(anonymous_8)
FN:179,(anonymous_9)
FN:193,(anonymous_10)
FN:202,(anonymous_11)
FNF:12
FNH:11
FNDA:18,(anonymous_0)
FNDA:7,(anonymous_1)
FNDA:8,(anonymous_2)
FNDA:0,(anonymous_3)
FNDA:1,(anonymous_4)
FNDA:18,(anonymous_5)
FNDA:1,(anonymous_6)
FNDA:1,(anonymous_7)
FNDA:1,(anonymous_8)
FNDA:3,(anonymous_9)
FNDA:1,(anonymous_10)
FNDA:288,(anonymous_11)
DA:37,1
DA:52,18
DA:53,18
DA:56,18
DA:57,18
DA:58,18
DA:59,8
DA:60,4
DA:62,8
DA:63,3
DA:65,8
DA:66,1
DA:69,18
DA:70,18
DA:71,18
DA:80,18
DA:86,18
DA:87,0
DA:88,0
DA:90,18
DA:91,18
DA:95,18
DA:110,1
DA:128,18
DA:141,1
DA:154,1
DA:170,1
DA:180,3
DA:181,2
DA:193,1
DA:202,288
DA:207,1
LF:32
LH:30
BRDA:39,0,0,18
BRDA:43,1,0,18
BRDA:44,2,0,18
BRDA:45,3,0,18
BRDA:46,4,0,18
BRDA:47,5,0,18
BRDA:48,6,0,18
BRDA:49,7,0,18
BRDA:54,8,0,17
BRDA:54,8,1,1
BRDA:54,9,0,18
BRDA:54,9,1,17
BRDA:54,10,0,1
BRDA:54,10,1,1
BRDA:56,11,0,7
BRDA:56,11,1,7
BRDA:59,12,0,4
BRDA:59,12,1,4
BRDA:62,13,0,3
BRDA:62,13,1,5
BRDA:65,14,0,1
BRDA:65,14,1,7
BRDA:114,15,0,18
BRDA:114,15,1,0
BRDA:114,15,2,0
BRDA:115,16,0,18
BRDA:115,16,1,18
BRDA:132,17,0,18
BRDA:132,17,1,18
BRDA:145,18,0,18
BRDA:145,18,1,18
BRDA:160,19,0,18
BRDA:160,19,1,18
BRDA:163,20,0,18
BRDA:163,20,1,11
BRDA:173,21,0,18
BRDA:173,21,1,3
BRDA:178,22,0,1
BRDA:178,22,1,2
BRDA:178,23,0,3
BRDA:178,23,1,3
BRDA:180,24,0,2
BRDA:180,24,1,1
BRDA:181,25,0,0
BRDA:181,25,1,2
BRDA:186,26,0,18
BRDA:186,26,1,4
BRF:47
BRH:44
end_of_record
TN:
SF:packages/color-circle/src/Point.tsx
FN:10,Point
FN:12,(anonymous_1)
FN:16,(anonymous_2)
FNF:3
FNH:3
FNDA:24,Point
FNDA:2,(anonymous_1)
FNDA:1,(anonymous_2)
DA:11,24
DA:12,24
DA:13,2
DA:16,24
DA:17,1
DA:20,24
DA:31,24
LF:7
LH:7
BRDA:22,0,0,6
BRDA:22,0,1,18
BRDA:23,1,0,6
BRDA:23,1,1,18
BRDA:51,2,0,6
BRDA:51,2,1,18
BRF:6
BRH:6
end_of_record
TN:
SF:packages/color-circle/src/index.tsx
FN:12,(anonymous_0)
FN:34,(anonymous_1)
FN:43,(anonymous_2)
FNF:3
FNH:3
FNDA:7,(anonymous_0)
FNDA:24,(anonymous_1)
FNDA:2,(anonymous_2)
DA:12,1
DA:22,7
DA:23,7
DA:24,7
DA:25,7
DA:26,7
DA:27,7
DA:35,24
DA:44,2
DA:50,1
LF:10
LH:10
BRDA:14,0,0,7
BRDA:17,1,0,1
BRDA:18,2,0,7
BRDA:19,3,0,7
BRDA:23,4,0,6
BRDA:23,4,1,1
BRDA:23,5,0,7
BRDA:23,5,1,6
BRDA:23,6,0,1
BRDA:23,6,1,1
BRDA:24,7,0,6
BRDA:24,7,1,1
BRDA:44,8,0,2
BRDA:44,8,1,2
BRF:14
BRH:14
end_of_record
TN:
SF:packages/color-colorful/src/index.tsx
FN:22,(anonymous_0)
FN:52,(anonymous_1)
FN:55,(anonymous_2)
FN:72,(anonymous_3)
FN:75,(anonymous_4)
FN:82,(anonymous_5)
FN:83,(anonymous_6)
FN:91,(anonymous_7)
FN:92,(anonymous_8)
FNF:9
FNH:9
FNDA:27,(anonymous_0)
FNDA:9,(anonymous_1)
FNDA:4,(anonymous_2)
FNDA:9,(anonymous_3)
FNDA:1,(anonymous_4)
FNDA:1,(anonymous_5)
FNDA:9,(anonymous_6)
FNDA:9,(anonymous_7)
FNDA:2,(anonymous_8)
DA:22,1
DA:23,27
DA:38,27
DA:52,1
DA:53,9
DA:54,9
DA:55,9
DA:56,9
DA:73,9
DA:75,1
DA:82,1
DA:83,9
DA:91,9
DA:92,2
DA:99,1
LF:15
LH:15
BRDA:53,0,0,9
BRDA:54,1,0,6
BRDA:54,1,1,3
BRDA:54,2,0,9
BRDA:54,2,1,6
BRDA:54,3,0,3
BRDA:54,3,1,2
BRDA:55,4,0,4
BRDA:55,4,1,4
BRDA:65,5,0,9
BRDA:65,5,1,9
BRDA:80,6,0,0
BRDA:80,6,1,9
BRDA:83,7,0,9
BRDA:83,7,1,9
BRDA:85,8,0,9
BRDA:85,8,1,9
BRF:17
BRH:16
end_of_record
TN:
SF:packages/color-compact/src/index.tsx
FN:63,Point
FN:77,(anonymous_1)
FN:91,(anonymous_2)
FN:92,(anonymous_3)
FN:130,(anonymous_4)
FN:134,(anonymous_5)
FN:152,(anonymous_6)
FNF:7
FNH:7
FNDA:324,Point
FNDA:9,(anonymous_1)
FNDA:7,(anonymous_2)
FNDA:2,(anonymous_3)
FNDA:2,(anonymous_4)
FNDA:2,(anonymous_5)
FNDA:4,(anonymous_6)
DA:24,1
DA:64,324
DA:65,4
DA:77,1
DA:88,9
DA:89,9
DA:90,9
DA:91,9
DA:92,9
DA:93,2
DA:94,1
DA:97,9
DA:103,9
DA:114,9
DA:130,2
DA:134,2
DA:152,4
DA:163,1
LF:18
LH:18
BRDA:64,0,0,320
BRDA:64,0,1,4
BRDA:79,1,0,9
BRDA:84,2,0,9
BRDA:89,3,0,7
BRDA:89,3,1,2
BRDA:89,4,0,9
BRDA:89,4,1,7
BRDA:90,5,0,8
BRDA:90,5,1,1
BRDA:91,6,0,7
BRDA:91,6,1,7
BRDA:93,7,0,1
BRDA:93,7,1,1
BRDA:93,8,0,2
BRDA:93,8,1,1
BRDA:93,8,2,1
BRDA:115,9,0,9
BRDA:115,9,1,9
BRDA:118,10,0,8
BRDA:118,10,1,1
BRF:21
BRH:21
end_of_record
TN:
SF:packages/color-convert/src/index.ts
FN:41,(anonymous_0)
FN:62,(anonymous_1)
FN:68,(anonymous_2)
FN:72,(anonymous_3)
FN:76,(anonymous_4)
FN:81,(anonymous_5)
FN:86,(anonymous_6)
FN:103,(anonymous_7)
FN:122,(anonymous_8)
FN:133,(anonymous_9)
FN:158,(anonymous_10)
FN:163,(anonymous_11)
FN:181,(anonymous_12)
FN:183,(anonymous_13)
FN:186,(anonymous_14)
FN:191,(anonymous_15)
FN:192,(anonymous_16)
FN:198,(anonymous_17)
FN:211,(anonymous_18)
FN:261,(anonymous_19)
FN:266,(anonymous_20)
FN:271,(anonymous_21)
FN:272,(anonymous_22)
FN:273,(anonymous_23)
FN:274,(anonymous_24)
FN:275,(anonymous_25)
FN:277,(anonymous_26)
FN:304,(anonymous_27)
FN:313,(anonymous_28)
FN:328,(anonymous_29)
FN:332,(anonymous_30)
FN:339,(anonymous_31)
FNF:32
FNH:32
FNDA:28,(anonymous_0)
FNDA:3,(anonymous_1)
FNDA:2,(anonymous_2)
FNDA:3,(anonymous_3)
FNDA:2,(anonymous_4)
FNDA:3,(anonymous_5)
FNDA:8,(anonymous_6)
FNDA:12,(anonymous_7)
FNDA:16,(anonymous_8)
FNDA:9,(anonymous_9)
FNDA:15,(anonymous_10)
FNDA:7,(anonymous_11)
FNDA:40,(anonymous_12)
FNDA:40,(anonymous_13)
FNDA:15,(anonymous_14)
FNDA:18,(anonymous_15)
FNDA:181,(anonymous_16)
FNDA:546,(anonymous_17)
FNDA:38,(anonymous_18)
FNDA:2,(anonymous_19)
FNDA:1,(anonymous_20)
FNDA:7,(anonymous_21)
FNDA:7,(anonymous_22)
FNDA:20,(anonymous_23)
FNDA:6,(anonymous_24)
FNDA:7,(anonymous_25)
FNDA:7,(anonymous_26)
FNDA:5,(anonymous_27)
FNDA:7,(anonymous_28)
FNDA:3,(anonymous_29)
FNDA:4,(anonymous_30)
FNDA:18,(anonymous_31)
DA:1,3
DA:2,3
DA:3,3
DA:41,3
DA:42,28
DA:43,28
DA:46,28
DA:54,28
DA:62,3
DA:63,3
DA:65,3
DA:68,3
DA:69,2
DA:72,3
DA:73,3
DA:76,3
DA:77,2
DA:78,2
DA:81,3
DA:82,3
DA:83,3
DA:86,3
DA:88,8
DA:89,8
DA:91,8
DA:93,7
DA:101,3
DA:103,3
DA:104,12
DA:106,12
DA:122,3
DA:123,16
DA:125,16
DA:133,3
DA:135,9
DA:136,9
DA:138,9
DA:140,8
DA:152,3
DA:158,3
DA:159,15
DA:162,3
DA:163,3
DA:165,7
DA:166,7
DA:168,7
DA:170,6
DA:178,3
DA:181,3
DA:182,40
DA:183,40
DA:186,3
DA:187,15
DA:188,15
DA:191,18
DA:192,3
DA:193,181
DA:194,181
DA:195,9
DA:197,181
DA:198,546
DA:199,181
DA:211,3
DA:212,38
DA:213,38
DA:214,38
DA:215,38
DA:217,38
DA:218,38
DA:219,38
DA:220,38
DA:221,38
DA:222,38
DA:223,38
DA:225,16
DA:226,16
DA:227,16
DA:228,16
DA:230,2
DA:231,2
DA:232,2
DA:233,2
DA:235,1
DA:236,1
DA:237,1
DA:238,1
DA:240,10
DA:241,10
DA:242,10
DA:243,10
DA:245,2
DA:246,2
DA:247,2
DA:248,2
DA:250,7
DA:251,7
DA:252,7
DA:253,7
DA:255,38
DA:256,38
DA:257,38
DA:258,38
DA:261,3
DA:262,2
DA:263,2
DA:266,3
DA:267,1
DA:268,1
DA:271,7
DA:272,7
DA:273,20
DA:274,6
DA:275,7
DA:277,3
DA:286,7
DA:287,5
DA:288,5
DA:289,2
DA:290,1
DA:292,7
DA:293,6
DA:294,6
DA:295,6
DA:296,6
DA:297,6
DA:298,6
DA:299,6
DA:301,7
DA:304,3
DA:305,5
DA:306,2
DA:308,3
DA:309,3
DA:310,3
DA:313,3
DA:314,7
DA:316,6
DA:322,14
DA:325,3
DA:328,3
DA:329,3
DA:332,3
DA:333,4
DA:336,2
DA:339,18
LF:145
LH:145
BRDA:46,0,0,17
BRDA:46,0,1,11
BRDA:47,1,0,12
BRDA:47,1,1,5
BRDA:49,2,0,1
BRDA:49,2,1,4
BRDA:55,3,0,5
BRDA:55,3,1,23
BRDA:56,4,0,25
BRDA:56,4,1,3
BRDA:82,5,0,3
BRDA:82,5,1,1
BRDA:91,6,0,1
BRDA:91,6,1,7
BRDA:97,7,0,4
BRDA:97,7,1,3
BRDA:97,8,0,1
BRDA:97,8,1,2
BRDA:104,9,0,5
BRDA:104,9,1,7
BRDA:108,10,0,7
BRDA:108,10,1,5
BRDA:127,11,0,10
BRDA:127,11,1,6
BRDA:127,12,0,16
BRDA:127,12,1,12
BRDA:127,13,0,9
BRDA:127,13,1,1
BRDA:138,14,0,1
BRDA:138,14,1,8
BRDA:144,15,0,6
BRDA:144,15,1,2
BRDA:144,16,0,1
BRDA:144,16,1,1
BRDA:158,17,0,8
BRDA:159,18,0,15
BRDA:159,18,1,11
BRDA:168,19,0,1
BRDA:168,19,1,6
BRDA:171,20,0,3
BRDA:171,20,1,3
BRDA:172,21,0,3
BRDA:172,21,1,3
BRDA:173,22,0,3
BRDA:173,22,1,3
BRDA:174,23,0,4
BRDA:174,23,1,2
BRDA:174,24,0,1
BRDA:174,24,1,1
BRDA:187,25,0,15
BRDA:187,25,1,14
BRDA:188,26,0,14
BRDA:188,26,1,1
BRDA:194,27,0,9
BRDA:194,27,1,172
BRDA:194,28,0,181
BRDA:194,28,1,181
BRDA:198,29,0,1
BRDA:203,30,0,181
BRDA:203,30,1,177
BRDA:223,31,0,16
BRDA:223,31,1,2
BRDA:223,31,2,1
BRDA:223,31,3,10
BRDA:223,31,4,2
BRDA:223,31,5,7
BRDA:286,32,0,5
BRDA:286,32,1,2
BRDA:286,33,0,7
BRDA:286,33,1,6
BRDA:289,34,0,1
BRDA:289,34,1,1
BRDA:292,35,0,6
BRDA:292,35,1,1
BRDA:305,36,0,2
BRDA:305,36,1,3
BRDA:310,37,0,1
BRDA:310,37,1,2
BRDA:314,38,0,1
BRDA:314,38,1,6
BRDA:322,39,0,3
BRDA:322,39,1,11
BRDA:333,40,0,2
BRDA:333,40,1,2
BRF:84
BRH:84
end_of_record
TN:
SF:packages/color-editable-input-hsla/src/index.tsx
FN:12,(anonymous_0)
FN:25,(anonymous_1)
FN:57,(anonymous_2)
FN:63,(anonymous_3)
FN:69,(anonymous_4)
FN:75,(anonymous_5)
FNF:6
FNH:6
FNDA:12,(anonymous_0)
FNDA:16,(anonymous_1)
FNDA:4,(anonymous_2)
FNDA:4,(anonymous_3)
FNDA:4,(anonymous_4)
FNDA:4,(anonymous_5)
DA:12,1
DA:23,12
DA:24,12
DA:25,12
DA:26,16
DA:27,13
DA:28,3
DA:29,3
DA:30,3
DA:32,13
DA:33,3
DA:34,3
DA:35,3
DA:37,13
DA:38,3
DA:39,3
DA:40,3
DA:42,13
DA:43,4
DA:44,4
DA:45,4
DA:49,12
DA:57,4
DA:63,4
DA:69,4
DA:75,4
DA:83,1
LF:27
LH:27
BRDA:14,0,0,12
BRDA:16,1,0,12
BRDA:17,2,0,12
BRDA:18,3,0,12
BRDA:19,4,0,12
BRDA:24,5,0,11
BRDA:24,5,1,1
BRDA:26,6,0,13
BRDA:26,6,1,3
BRDA:27,7,0,3
BRDA:27,7,1,10
BRDA:28,8,0,1
BRDA:28,8,1,2
BRDA:29,9,0,1
BRDA:29,9,1,2
BRDA:30,10,0,3
BRDA:30,10,1,3
BRDA:32,11,0,3
BRDA:32,11,1,10
BRDA:33,12,0,1
BRDA:33,12,1,2
BRDA:34,13,0,1
BRDA:34,13,1,2
BRDA:35,14,0,3
BRDA:35,14,1,3
BRDA:37,15,0,3
BRDA:37,15,1,10
BRDA:38,16,0,1
BRDA:38,16,1,2
BRDA:39,17,0,1
BRDA:39,17,1,2
BRDA:40,18,0,3
BRDA:40,18,1,3
BRDA:42,19,0,4
BRDA:42,19,1,9
BRDA:43,20,0,2
BRDA:43,20,1,2
BRDA:44,21,0,1
BRDA:44,21,1,3
BRDA:45,22,0,4
BRDA:45,22,1,4
BRDA:77,23,0,12
BRDA:77,23,1,12
BRF:43
BRH:43
end_of_record
TN:
SF:packages/color-editable-input-rgba/src/index.tsx
FN:16,(anonymous_0)
FN:31,handleBlur
FN:40,(anonymous_2)
FN:82,(anonymous_3)
FN:91,(anonymous_4)
FN:100,(anonymous_5)
FN:110,(anonymous_6)
FNF:7
FNH:7
FNDA:13,(anonymous_0)
FNDA:6,handleBlur
FNDA:9,(anonymous_2)
FNDA:2,(anonymous_3)
FNDA:1,(anonymous_4)
FNDA:1,(anonymous_5)
FNDA:5,(anonymous_6)
DA:16,1
DA:29,13
DA:30,13
DA:32,6
DA:33,6
DA:34,3
DA:36,6
DA:37,3
DA:40,13
DA:41,9
DA:42,6
DA:43,3
DA:44,3
DA:45,3
DA:47,6
DA:48,1
DA:49,1
DA:51,6
DA:52,2
DA:53,2
DA:55,6
DA:56,1
DA:58,6
DA:59,1
DA:61,6
DA:62,1
DA:66,13
DA:82,2
DA:91,1
DA:100,1
DA:110,5
DA:119,1
LF:32
LH:32
BRDA:18,0,0,13
BRDA:20,1,0,13
BRDA:21,2,0,13
BRDA:22,3,0,13
BRDA:23,4,0,13
BRDA:24,5,0,13
BRDA:30,6,0,11
BRDA:30,6,1,2
BRDA:33,7,0,3
BRDA:33,7,1,3
BRDA:33,8,0,6
BRDA:33,8,1,6
BRDA:36,9,0,3
BRDA:36,9,1,3
BRDA:36,10,0,6
BRDA:36,10,1,6
BRDA:41,11,0,6
BRDA:41,11,1,3
BRDA:42,12,0,3
BRDA:42,12,1,3
BRDA:43,13,0,1
BRDA:43,13,1,2
BRDA:44,14,0,2
BRDA:44,14,1,1
BRDA:45,15,0,3
BRDA:45,15,1,3
BRDA:47,16,0,1
BRDA:47,16,1,5
BRDA:51,17,0,2
BRDA:51,17,1,4
BRDA:55,18,0,1
BRDA:55,18,1,5
BRDA:56,19,0,1
BRDA:56,19,1,1
BRDA:58,20,0,1
BRDA:58,20,1,5
BRDA:59,21,0,1
BRDA:59,21,1,1
BRDA:61,22,0,1
BRDA:61,22,1,5
BRDA:62,23,0,1
BRDA:62,23,1,1
BRDA:69,24,0,13
BRDA:69,24,1,13
BRDA:79,25,0,13
BRDA:79,25,1,2
BRDA:88,26,0,13
BRDA:88,26,1,3
BRDA:97,27,0,13
BRDA:97,27,1,3
BRDA:104,28,0,13
BRDA:104,28,1,13
BRDA:107,29,0,10
BRDA:107,29,1,3
BRF:54
BRH:54
end_of_record
TN:
SF:packages/color-editable-input/src/index.tsx
FN:4,(anonymous_0)
FN:5,(anonymous_1)
FN:17,(anonymous_2)
FN:34,(anonymous_3)
FN:42,handleChange
FN:53,handleBlur
FN:101,(anonymous_6)
FNF:7
FNH:7
FNDA:3,(anonymous_0)
FNDA:3,(anonymous_1)
FNDA:15,(anonymous_2)
FNDA:13,(anonymous_3)
FNDA:3,handleChange
FNDA:1,handleBlur
FNDA:4,(anonymous_6)
DA:4,3
DA:5,3
DA:17,1
DA:30,15
DA:31,15
DA:32,15
DA:34,15
DA:35,13
DA:36,4
DA:37,1
DA:43,3
DA:44,3
DA:45,1
DA:47,3
DA:48,3
DA:49,3
DA:51,3
DA:54,1
DA:55,1
DA:56,1
DA:58,15
DA:59,15
DA:60,12
DA:62,15
DA:63,1
DA:65,15
DA:66,1
DA:68,15
DA:79,15
DA:93,15
DA:101,4
DA:119,1
LF:32
LH:32
BRDA:19,0,0,15
BRDA:20,1,0,11
BRDA:35,2,0,4
BRDA:35,2,1,9
BRDA:36,3,0,1
BRDA:36,3,1,3
BRDA:43,4,0,3
BRDA:43,4,1,3
BRDA:44,5,0,1
BRDA:44,5,1,2
BRDA:45,6,0,1
BRDA:45,6,1,1
BRDA:48,7,0,3
BRDA:48,7,1,0
BRDA:49,8,0,3
BRDA:49,8,1,3
BRDA:56,9,0,1
BRDA:56,9,1,1
BRDA:59,10,0,12
BRDA:59,10,1,3
BRDA:62,11,0,1
BRDA:62,11,1,14
BRDA:65,12,0,1
BRDA:65,12,1,14
BRDA:94,13,0,15
BRDA:94,13,1,15
BRDA:105,14,0,15
BRDA:105,14,1,15
BRF:28
BRH:27
end_of_record
TN:
SF:packages/color-github/src/Point.tsx
FN:18,Point
FN:20,(anonymous_1)
FN:26,(anonymous_2)
FNF:3
FNH:3
FNDA:53,Point
FNDA:2,(anonymous_1)
FNDA:2,(anonymous_2)
DA:9,1
DA:19,53
DA:20,53
DA:21,2
DA:22,2
DA:23,2
DA:26,53
DA:27,2
DA:28,1
DA:29,1
DA:30,1
DA:34,53
DA:44,53
LF:13
LH:13
BRDA:27,0,0,1
BRDA:27,0,1,1
BRDA:34,1,0,2
BRDA:34,1,1,51
BRF:4
BRH:4
end_of_record
TN:
SF:packages/color-github/src/index.tsx
FN:50,(anonymous_0)
FN:65,(anonymous_1)
FN:174,(anonymous_2)
FNF:3
FNH:3
FNDA:18,(anonymous_0)
FNDA:1,(anonymous_1)
FNDA:57,(anonymous_2)
DA:6,1
DA:50,1
DA:62,18
DA:63,18
DA:64,18
DA:65,18
DA:67,18
DA:82,18
DA:86,18
DA:87,18
DA:88,18
DA:89,8
DA:90,8
DA:91,8
DA:92,8
DA:94,18
DA:95,6
DA:96,6
DA:98,18
DA:99,1
DA:100,1
DA:102,18
DA:103,1
DA:104,1
DA:106,18
DA:107,3
DA:108,3
DA:109,3
DA:110,3
DA:111,3
DA:112,1
DA:113,1
DA:115,3
DA:116,1
DA:117,1
DA:119,3
DA:120,1
DA:121,1
DA:124,18
DA:125,11
DA:126,2
DA:127,2
DA:128,2
DA:129,2
DA:131,11
DA:132,7
DA:133,7
DA:135,11
DA:136,2
DA:137,2
DA:140,18
DA:141,4
DA:142,4
DA:143,4
DA:144,4
DA:145,4
DA:146,4
DA:148,18
DA:149,3
DA:150,3
DA:151,3
DA:152,3
DA:153,3
DA:154,3
DA:156,18
DA:157,7
DA:158,2
DA:159,2
DA:161,7
DA:162,3
DA:163,3
DA:164,3
DA:165,3
DA:167,7
DA:168,2
DA:169,2
DA:170,2
DA:171,2
DA:174,18
DA:175,57
DA:176,57
DA:177,53
DA:179,18
DA:208,1
LF:84
LH:84
BRDA:52,0,0,18
BRDA:53,1,0,5
BRDA:57,2,0,1
BRDA:58,3,0,18
BRDA:63,4,0,2
BRDA:63,4,1,16
BRDA:63,5,0,18
BRDA:63,5,1,2
BRDA:64,6,0,2
BRDA:64,6,1,16
BRDA:65,7,0,1
BRDA:65,7,1,1
BRDA:88,8,0,8
BRDA:88,8,1,10
BRDA:94,9,0,6
BRDA:94,9,1,12
BRDA:98,10,0,1
BRDA:98,10,1,17
BRDA:102,11,0,1
BRDA:102,11,1,17
BRDA:106,12,0,3
BRDA:106,12,1,15
BRDA:111,13,0,1
BRDA:111,13,1,2
BRDA:115,14,0,1
BRDA:115,14,1,2
BRDA:119,15,0,1
BRDA:119,15,1,2
BRDA:124,16,0,11
BRDA:124,16,1,7
BRDA:125,17,0,2
BRDA:125,17,1,9
BRDA:125,18,0,11
BRDA:125,18,1,10
BRDA:131,19,0,7
BRDA:131,19,1,4
BRDA:131,20,0,11
BRDA:131,20,1,5
BRDA:135,21,0,2
BRDA:135,21,1,9
BRDA:135,22,0,11
BRDA:135,22,1,10
BRDA:140,23,0,4
BRDA:140,23,1,14
BRDA:148,24,0,3
BRDA:148,24,1,15
BRDA:156,25,0,7
BRDA:156,25,1,11
BRDA:157,26,0,2
BRDA:157,26,1,5
BRDA:157,27,0,7
BRDA:157,27,1,6
BRDA:161,28,0,3
BRDA:161,28,1,4
BRDA:161,29,0,7
BRDA:161,29,1,5
BRDA:167,30,0,2
BRDA:167,30,1,5
BRDA:167,31,0,7
BRDA:167,31,1,6
BRDA:175,32,0,57
BRDA:175,32,1,4
BRDA:176,33,0,4
BRDA:176,33,1,53
BRF:64
BRH:64
end_of_record
TN:
SF:packages/color-hue/src/index.tsx
FN:9,(anonymous_0)
FN:21,(anonymous_1)
FNF:2
FNH:2
FNDA:4,(anonymous_0)
FNDA:3,(anonymous_1)
DA:9,1
DA:10,4
DA:11,4
DA:22,3
DA:28,1
LF:5
LH:5
BRDA:10,0,0,4
BRDA:10,1,0,1
BRDA:10,2,0,2
BRDA:14,3,0,4
BRDA:14,3,1,4
BRDA:18,4,0,2
BRDA:18,4,1,2
BRDA:22,5,0,3
BRDA:22,5,1,3
BRDA:22,6,0,1
BRDA:22,6,1,2
BRF:11
BRH:11
end_of_record
TN:
SF:packages/color-material/src/index.tsx
FN:23,(anonymous_0)
FN:27,(anonymous_1)
FN:30,(anonymous_2)
FN:51,(anonymous_3)
FN:52,(anonymous_4)
FN:95,(anonymous_5)
FNF:6
FNH:6
FNDA:10,(anonymous_0)
FNDA:5,(anonymous_1)
FNDA:7,(anonymous_2)
FNDA:5,(anonymous_3)
FNDA:2,(anonymous_4)
FNDA:5,(anonymous_5)
DA:12,1
DA:23,1
DA:24,10
DA:25,10
DA:26,10
DA:27,10
DA:28,5
DA:30,10
DA:31,7
DA:32,5
DA:36,10
DA:46,10
DA:51,5
DA:53,2
DA:54,2
DA:55,2
DA:95,5
DA:101,1
LF:18
LH:18
BRDA:24,0,0,10
BRDA:25,1,0,8
BRDA:25,1,1,2
BRDA:25,2,0,10
BRDA:25,2,1,9
BRDA:26,3,0,9
BRDA:26,3,1,1
BRDA:28,4,0,5
BRDA:28,4,1,5
BRDA:31,5,0,5
BRDA:31,5,1,2
BRDA:31,6,0,7
BRDA:31,6,1,5
BRDA:31,6,2,5
BRDA:32,7,0,5
BRDA:32,7,1,5
BRDA:47,8,0,10
BRDA:47,8,1,10
BRDA:65,9,0,9
BRDA:65,9,1,1
BRF:20
BRH:20
end_of_record
TN:
SF:packages/color-name/src/index.tsx
FN:12,(anonymous_0)
FN:39,(anonymous_1)
FN:44,colorNameToHex
FNF:3
FNH:3
FNDA:148,(anonymous_0)
FNDA:16,(anonymous_1)
FNDA:148,colorNameToHex
DA:12,1
DA:13,148
DA:14,148
DA:17,1
DA:39,1
DA:40,16
DA:41,16
DA:45,148
LF:8
LH:8
BRF:0
BRH:0
end_of_record
TN:
SF:packages/color-saturation/src/Pointer.tsx
FN:11,(anonymous_0)
FN:30,(anonymous_1)
FNF:2
FNH:2
FNDA:2,(anonymous_0)
FNDA:2,(anonymous_1)
DA:11,1
DA:12,2
DA:18,2
DA:29,2
DA:31,2
LF:5
LH:5
BRDA:31,0,0,2
BRDA:31,0,1,2
BRF:2
BRH:2
end_of_record
TN:
SF:packages/color-saturation/src/index.tsx
FN:17,(anonymous_0)
FN:27,(anonymous_1)
FN:39,(anonymous_2)
FNF:3
FNH:3
FNDA:2,(anonymous_0)
FNDA:1,(anonymous_1)
FNDA:2,(anonymous_2)
DA:17,1
DA:18,2
DA:19,2
DA:27,2
DA:28,1
DA:39,2
DA:40,2
DA:41,2
DA:46,2
DA:47,0
DA:49,2
DA:52,2
DA:74,1
LF:13
LH:12
BRDA:18,0,0,2
BRDA:18,1,0,2
BRDA:18,2,0,2
BRDA:28,3,0,1
BRDA:28,3,1,1
BRDA:28,3,2,1
BRDA:40,4,0,0
BRDA:40,4,1,2
BRDA:46,5,0,0
BRDA:46,5,1,2
BRDA:46,6,0,2
BRDA:46,6,1,0
BRDA:54,7,0,2
BRDA:54,7,1,2
BRDA:61,8,0,2
BRDA:61,8,1,0
BRF:16
BRH:12
end_of_record
TN:
SF:packages/color-shade-slider/src/index.tsx
FN:9,(anonymous_0)
FN:20,(anonymous_1)
FNF:2
FNH:2
FNDA:3,(anonymous_0)
FNDA:2,(anonymous_1)
DA:9,1
DA:10,3
DA:11,3
DA:12,3
DA:21,2
DA:30,1
LF:6
LH:6
BRDA:10,0,0,3
BRDA:10,1,0,2
BRDA:16,2,0,3
BRDA:16,2,1,3
BRDA:19,3,0,2
BRDA:19,3,1,1
BRDA:21,4,0,2
BRDA:21,4,1,2
BRDA:23,5,0,1
BRDA:23,5,1,1
BRF:10
BRH:10
end_of_record
TN:
SF:packages/color-sketch/src/index.tsx
FN:47,(anonymous_0)
FN:62,(anonymous_1)
FN:76,(anonymous_2)
FN:85,(anonymous_3)
FN:90,(anonymous_4)
FN:95,(anonymous_5)
FN:96,(anonymous_6)
FN:139,(anonymous_7)
FN:168,(anonymous_8)
FN:178,(anonymous_9)
FN:185,(anonymous_10)
FN:194,(anonymous_11)
FNF:12
FNH:12
FNDA:88,(anonymous_0)
FNDA:44,(anonymous_1)
FNDA:15,(anonymous_2)
FNDA:13,(anonymous_3)
FNDA:2,(anonymous_4)
FNDA:1,(anonymous_5)
FNDA:1,(anonymous_6)
FNDA:1,(anonymous_7)
FNDA:44,(anonymous_8)
FNDA:2,(anonymous_9)
FNDA:6,(anonymous_10)
FNDA:3,(anonymous_11)
DA:19,1
DA:47,1
DA:48,88
DA:62,1
DA:74,44
DA:75,44
DA:76,44
DA:77,15
DA:78,13
DA:80,15
DA:81,2
DA:85,44
DA:86,13
DA:87,13
DA:90,44
DA:91,2
DA:92,1
DA:95,44
DA:96,44
DA:97,44
DA:109,44
DA:114,44
DA:119,44
DA:125,44
DA:139,1
DA:168,44
DA:178,2
DA:185,6
DA:194,3
DA:204,1
LF:30
LH:30
BRDA:64,0,0,44
BRDA:67,1,0,44
BRDA:68,2,0,40
BRDA:70,3,0,42
BRDA:71,4,0,44
BRDA:77,5,0,13
BRDA:77,5,1,2
BRDA:77,6,0,15
BRDA:77,6,1,13
BRDA:80,7,0,2
BRDA:80,7,1,13
BRDA:87,8,0,13
BRDA:87,8,1,13
BRDA:91,9,0,1
BRDA:91,9,1,1
BRDA:91,10,0,2
BRDA:91,10,1,1
BRDA:91,10,2,1
BRDA:126,11,0,44
BRDA:126,11,1,44
BRDA:141,12,0,44
BRDA:141,12,1,44
BRDA:155,13,0,44
BRDA:155,13,1,44
BRDA:173,14,0,44
BRDA:173,14,1,42
BRDA:184,15,0,42
BRDA:184,15,1,0
BRDA:189,16,0,44
BRDA:189,16,1,43
BRDA:189,16,2,43
BRF:31
BRH:30
end_of_record
TN:
SF:packages/color-slider/src/index.tsx
FN:20,(anonymous_0)
FN:23,(anonymous_1)
FN:33,(anonymous_2)
FN:47,(anonymous_3)
FNF:4
FNH:4
FNDA:5,(anonymous_0)
FNDA:3,(anonymous_1)
FNDA:25,(anonymous_2)
FNDA:3,(anonymous_3)
DA:20,1
DA:21,5
DA:22,5
DA:23,5
DA:24,3
DA:26,5
DA:34,25
DA:35,25
DA:36,25
DA:37,25
DA:47,3
DA:67,1
LF:12
LH:12
BRDA:21,0,0,5
BRDA:21,1,0,5
BRDA:22,2,0,1
BRDA:22,2,1,4
BRDA:22,3,0,5
BRDA:22,3,1,1
BRDA:22,4,0,4
BRDA:22,4,1,1
BRDA:24,5,0,3
BRDA:24,5,1,3
BRDA:30,6,0,5
BRDA:30,6,1,5
BRDA:52,7,0,1
BRDA:52,7,1,24
BRF:14
BRH:14
end_of_record
TN:
SF:packages/color-swatch/src/index.tsx
FN:23,(anonymous_0)
FN:50,(anonymous_1)
FN:68,(anonymous_2)
FN:87,(anonymous_3)
FN:104,(anonymous_4)
FNF:5
FNH:5
FNDA:7,(anonymous_0)
FNDA:2,(anonymous_1)
FNDA:20,(anonymous_2)
FNDA:1,(anonymous_3)
FNDA:1,(anonymous_4)
DA:23,1
DA:36,7
DA:37,7
DA:50,7
DA:51,2
DA:53,7
DA:69,20
DA:70,20
DA:71,20
DA:72,12
DA:73,12
DA:75,20
DA:76,8
DA:77,8
DA:79,20
DA:81,20
DA:87,1
DA:89,20
DA:90,4
DA:93,16
DA:99,16
DA:104,1
DA:116,1
LF:23
LH:23
BRDA:25,0,0,7
BRDA:28,1,0,2
BRDA:30,2,0,4
BRDA:51,3,0,2
BRDA:51,3,1,2
BRDA:57,4,0,7
BRDA:57,4,1,7
BRDA:65,5,0,7
BRDA:65,5,1,1
BRDA:65,5,2,1
BRDA:66,6,0,7
BRDA:66,6,1,7
BRDA:66,6,2,7
BRDA:71,7,0,12
BRDA:71,7,1,8
BRDA:75,8,0,8
BRDA:75,8,1,12
BRDA:75,9,0,20
BRDA:75,9,1,8
BRDA:76,10,0,8
BRDA:76,10,1,4
BRDA:79,11,0,20
BRDA:79,11,1,20
BRDA:81,12,0,20
BRDA:81,12,1,4
BRDA:89,13,0,4
BRDA:89,13,1,16
BRDA:93,14,0,4
BRDA:93,14,1,12
BRDA:93,15,0,16
BRDA:93,15,1,4
BRDA:111,16,0,7
BRDA:111,16,1,1
BRDA:111,16,2,1
BRF:34
BRH:34
end_of_record
TN:
SF:packages/color-wheel/src/Pointer.tsx
FN:13,(anonymous_0)
FNF:1
FNH:1
FNDA:4,(anonymous_0)
DA:11,1
DA:13,1
DA:14,4
DA:20,4
DA:21,4
LF:5
LH:5
BRDA:20,0,0,4
BRDA:20,0,1,4
BRF:2
BRH:2
end_of_record
TN:
SF:packages/color-wheel/src/index.tsx
FN:26,(anonymous_0)
FN:50,(anonymous_1)
FNF:2
FNH:2
FNDA:4,(anonymous_0)
FNDA:4,(anonymous_1)
DA:23,1
DA:24,1
DA:26,1
DA:41,4
DA:42,4
DA:43,4
DA:44,4
DA:45,4
DA:50,4
DA:51,4
DA:52,4
DA:58,4
DA:60,4
DA:67,4
DA:72,4
DA:118,1
LF:16
LH:16
BRDA:28,0,0,4
BRDA:29,1,0,4
BRDA:33,2,0,4
BRDA:34,3,0,4
BRDA:36,4,0,3
BRDA:37,5,0,4
BRDA:42,6,0,1
BRDA:42,6,1,3
BRDA:42,7,0,4
BRDA:42,7,1,1
BRDA:42,8,0,3
BRDA:42,8,1,2
BRDA:43,9,0,2
BRDA:43,9,1,2
BRDA:58,10,0,4
BRDA:58,10,1,4
BRDA:63,11,0,0
BRDA:63,11,1,4
BRDA:63,12,0,4
BRDA:63,12,1,4
BRDA:63,13,0,0
BRDA:63,13,1,4
BRDA:63,14,0,4
BRDA:63,14,1,4
BRDA:67,15,0,0
BRDA:67,15,1,4
BRDA:67,16,0,4
BRDA:67,16,1,0
BRDA:74,17,0,4
BRDA:74,17,1,4
BRDA:79,18,0,0
BRDA:79,18,1,4
BRDA:79,19,0,4
BRDA:79,19,1,4
BRDA:79,20,0,0
BRDA:79,20,1,4
BRDA:79,21,0,4
BRDA:79,21,1,4
BRDA:92,22,0,3
BRDA:92,22,1,1
BRDA:111,23,0,2
BRDA:111,23,1,2
BRF:42
BRH:36
end_of_record
TN:
SF:packages/color-wheel/src/utils.ts
FN:10,(anonymous_0)
FN:13,(anonymous_1)
FN:18,getWheelDimensions
FN:31,isInputInsideWheel
FN:40,getWheelHandlePosition
FN:55,getHandleRange
FN:62,translateWheelAngle
FN:82,getWheelValueFromInput
FNF:8
FNH:8
FNDA:30,(anonymous_0)
FNDA:10,(anonymous_1)
FNDA:19,getWheelDimensions
FNDA:4,isInputInsideWheel
FNDA:6,getWheelHandlePosition
FNDA:14,getHandleRange
FNDA:16,translateWheelAngle
FNDA:6,getWheelValueFromInput
DA:4,1
DA:10,30
DA:13,10
DA:19,19
DA:20,19
DA:32,4
DA:33,4
DA:34,4
DA:41,6
DA:42,6
DA:43,6
DA:44,6
DA:45,6
DA:46,6
DA:56,14
DA:63,16
DA:64,16
DA:66,16
DA:68,14
DA:70,12
DA:72,11
DA:73,16
DA:83,6
DA:84,6
DA:85,6
DA:86,6
DA:88,6
DA:91,6
DA:92,6
LF:29
LH:29
BRDA:18,0,0,1
BRDA:45,1,0,1
BRDA:45,1,1,5
BRDA:55,2,0,1
BRDA:63,3,0,16
BRDA:63,3,1,12
BRDA:66,4,0,2
BRDA:66,4,1,14
BRDA:66,5,0,16
BRDA:66,5,1,8
BRDA:68,6,0,2
BRDA:68,6,1,12
BRDA:70,7,0,1
BRDA:70,7,1,11
BRDA:70,8,0,12
BRDA:70,8,1,6
BRDA:72,9,0,1
BRDA:72,9,1,10
BRF:18
BRH:18
end_of_record
TN:
SF:packages/color/src/index.tsx
FNF:0
FNH:0
LF:0
LH:0
BRF:0
BRH:0
end_of_record
TN:
SF:packages/drag-event-interactive/src/index.tsx
FN:12,(anonymous_0)
FN:22,(anonymous_1)
FN:29,(anonymous_2)
FN:46,(anonymous_3)
FN:47,(anonymous_4)
FN:53,(anonymous_5)
FN:55,(anonymous_6)
FN:61,(anonymous_7)
FNF:8
FNH:8
FNDA:10,(anonymous_0)
FNDA:4,(anonymous_1)
FNDA:3,(anonymous_2)
FNDA:1,(anonymous_3)
FNDA:12,(anonymous_4)
FNDA:9,(anonymous_5)
FNDA:9,(anonymous_6)
FNDA:4,(anonymous_7)
DA:12,1
DA:13,10
DA:14,10
DA:15,10
DA:16,10
DA:17,10
DA:18,10
DA:22,10
DA:23,4
DA:24,3
DA:25,3
DA:28,10
DA:30,3
DA:36,3
DA:37,3
DA:38,2
DA:40,1
DA:46,10
DA:47,10
DA:48,12
DA:49,12
DA:50,12
DA:53,10
DA:54,9
DA:55,9
DA:56,9
DA:60,10
DA:62,4
DA:63,4
DA:64,3
DA:65,3
DA:70,10
DA:86,1
LF:33
LH:33
BRDA:13,0,0,10
BRDA:23,1,0,1
BRDA:23,1,1,3
BRDA:23,2,0,4
BRDA:23,2,1,1
BRDA:36,3,0,1
BRDA:36,3,1,2
BRDA:37,4,0,2
BRDA:37,4,1,1
BRDA:37,5,0,3
BRDA:37,5,1,2
BRDA:38,6,0,2
BRDA:38,6,1,2
BRDA:48,7,0,3
BRDA:48,7,1,9
BRDA:49,8,0,5
BRDA:49,8,1,7
BRDA:50,9,0,5
BRDA:50,9,1,7
BRDA:56,10,0,9
BRDA:56,10,1,3
BRDA:63,11,0,1
BRDA:63,11,1,3
BRDA:64,12,0,3
BRDA:64,12,1,3
BRDA:73,13,0,10
BRDA:73,13,1,10
BRF:27
BRH:27
end_of_record
TN:
SF:packages/drag-event-interactive/src/utils.ts
FN:4,useEventCallback
FN:7,(anonymous_1)
FN:11,(anonymous_2)
FN:15,(anonymous_3)
FN:20,(anonymous_4)
FN:26,(anonymous_5)
FN:40,(anonymous_6)
FNF:7
FNH:7
FNDA:20,useEventCallback
FNDA:18,(anonymous_1)
FNDA:5,(anonymous_2)
FNDA:19,(anonymous_3)
FNDA:7,(anonymous_4)
FNDA:17,(anonymous_5)
FNDA:5,(anonymous_6)
DA:5,20
DA:7,20
DA:8,18
DA:11,20
DA:15,19
DA:20,1
DA:21,7
DA:26,1
DA:27,17
DA:40,1
DA:41,5
DA:44,5
DA:46,5
LF:13
LH:13
BRDA:11,0,0,5
BRDA:11,0,1,5
BRDA:21,1,0,7
BRDA:21,1,1,4
BRDA:21,1,2,4
BRDA:26,2,0,17
BRDA:26,3,0,17
BRDA:27,4,0,2
BRDA:27,4,1,15
BRDA:27,5,0,2
BRDA:27,5,1,13
BRDA:44,6,0,3
BRDA:44,6,1,2
BRF:13
BRH:13
end_of_record
