TN:
SF:packages/color-alpha/src/Pointer.tsx
FN:10,(anonymous_0)
FNF:1
FNH:1
FNDA:5,(anonymous_0)
DA:10,3
DA:11,5
DA:17,5
DA:26,5
LF:4
LH:4
BRDA:24,0,0,3
BRDA:24,0,1,2
BRDA:27,1,0,5
BRDA:27,1,1,5
BRF:4
BRH:4
end_of_record
TN:
SF:packages/color-alpha/src/index.tsx
FN:35,(anonymous_0)
FN:54,(anonymous_1)
FNF:2
FNH:2
FNDA:5,(anonymous_0)
FNDA:3,(anonymous_1)
DA:33,3
DA:35,3
DA:52,5
DA:54,5
DA:55,3
DA:58,5
DA:59,5
DA:62,5
DA:63,5
DA:64,3
DA:66,2
DA:68,5
DA:81,5
DA:87,5
DA:121,3
LF:15
LH:15
BRDA:37,0,0,5
BRDA:41,1,0,5
BRDA:42,2,0,2
BRDA:43,3,0,5
BRDA:44,4,0,5
BRDA:46,5,0,5
BRDA:47,6,0,3
BRDA:55,7,0,3
BRDA:55,7,1,3
BRDA:55,8,0,1
BRDA:55,8,1,2
BRDA:60,9,0,3
BRDA:60,9,1,2
BRDA:63,10,0,3
BRDA:63,10,1,2
BRDA:81,11,0,0
BRDA:81,11,1,5
BRDA:81,12,0,5
BRDA:81,12,1,0
BRDA:90,13,0,5
BRDA:90,13,1,5
BRDA:99,14,0,5
BRDA:99,14,1,5
BRF:23
BRH:21
end_of_record
TN:
SF:packages/color-block/src/index.tsx
FN:24,(anonymous_0)
FN:37,(anonymous_1)
FN:40,(anonymous_2)
FN:107,(anonymous_3)
FN:108,(anonymous_4)
FNF:5
FNH:5
FNDA:5,(anonymous_0)
FNDA:1,(anonymous_1)
FNDA:3,(anonymous_2)
FNDA:2,(anonymous_3)
FNDA:1,(anonymous_4)
DA:14,1
DA:24,1
DA:34,5
DA:35,5
DA:36,5
DA:37,5
DA:38,1
DA:40,5
DA:41,3
DA:42,1
DA:45,5
DA:55,5
DA:107,2
DA:109,1
DA:110,1
DA:111,1
DA:129,1
LF:17
LH:17
BRDA:26,0,0,5
BRDA:30,1,0,5
BRDA:31,2,0,5
BRDA:35,3,0,3
BRDA:35,3,1,2
BRDA:35,4,0,5
BRDA:35,4,1,3
BRDA:36,5,0,3
BRDA:36,5,1,2
BRDA:38,6,0,1
BRDA:38,6,1,1
BRDA:41,7,0,1
BRDA:41,7,1,2
BRDA:41,8,0,3
BRDA:41,8,1,2
BRDA:41,8,2,1
BRDA:42,9,0,1
BRDA:42,9,1,1
BRDA:57,10,0,5
BRDA:57,10,1,5
BRF:20
BRH:20
end_of_record
TN:
SF:packages/color-chrome/src/Arrow.tsx
FN:5,Arrow
FN:8,(anonymous_1)
FN:12,(anonymous_2)
FNF:3
FNH:3
FNDA:18,Arrow
FNDA:1,(anonymous_1)
FNDA:1,(anonymous_2)
DA:6,18
DA:7,18
DA:8,18
DA:9,1
DA:12,18
DA:13,1
DA:15,18
LF:7
LH:7
BRF:0
BRH:0
end_of_record
TN:
SF:packages/color-chrome/src/EyeDropper.tsx
FN:3,getIsEyeDropperSupported
FN:11,EyeDropper
FN:12,(anonymous_2)
FN:17,(anonymous_3)
FN:20,(anonymous_4)
FNF:5
FNH:1
FNDA:18,getIsEyeDropperSupported
FNDA:0,EyeDropper
FNDA:0,(anonymous_2)
FNDA:0,(anonymous_3)
FNDA:0,(anonymous_4)
DA:4,18
DA:12,0
DA:13,0
DA:14,0
DA:15,0
DA:18,0
DA:21,0
DA:27,0
LF:8
LH:1
BRDA:13,0,0,0
BRDA:13,0,1,0
BRDA:21,1,0,0
BRDA:21,1,1,0
BRF:4
BRH:0
end_of_record
TN:
SF:packages/color-chrome/src/index.tsx
FN:37,(anonymous_0)
FN:56,(anonymous_1)
FN:58,(anonymous_2)
FN:86,(anonymous_3)
FN:109,(anonymous_4)
FN:128,(anonymous_5)
FN:140,(anonymous_6)
FN:153,(anonymous_7)
FN:170,(anonymous_8)
FN:179,(anonymous_9)
FN:193,(anonymous_10)
FN:202,(anonymous_11)
FNF:12
FNH:11
FNDA:18,(anonymous_0)
FNDA:7,(anonymous_1)
FNDA:8,(anonymous_2)
FNDA:0,(anonymous_3)
FNDA:1,(anonymous_4)
FNDA:18,(anonymous_5)
FNDA:1,(anonymous_6)
FNDA:1,(anonymous_7)
FNDA:1,(anonymous_8)
FNDA:3,(anonymous_9)
FNDA:1,(anonymous_10)
FNDA:288,(anonymous_11)
DA:37,1
DA:52,18
DA:53,18
DA:56,18
DA:57,18
DA:58,18
DA:59,8
DA:60,4
DA:62,8
DA:63,3
DA:65,8
DA:66,1
DA:69,18
DA:70,18
DA:71,18
DA:80,18
DA:86,18
DA:87,0
DA:88,0
DA:90,18
DA:91,18
DA:95,18
DA:110,1
DA:128,18
DA:141,1
DA:154,1
DA:170,1
DA:180,3
DA:181,2
DA:193,1
DA:202,288
DA:207,1
LF:32
LH:30
BRDA:39,0,0,18
BRDA:43,1,0,18
BRDA:44,2,0,18
BRDA:45,3,0,18
BRDA:46,4,0,18
BRDA:47,5,0,18
BRDA:48,6,0,18
BRDA:49,7,0,18
BRDA:54,8,0,17
BRDA:54,8,1,1
BRDA:54,9,0,18
BRDA:54,9,1,17
BRDA:54,10,0,1
BRDA:54,10,1,1
BRDA:56,11,0,7
BRDA:56,11,1,7
BRDA:59,12,0,4
BRDA:59,12,1,4
BRDA:62,13,0,3
BRDA:62,13,1,5
BRDA:65,14,0,1
BRDA:65,14,1,7
BRDA:114,15,0,18
BRDA:114,15,1,0
BRDA:114,15,2,0
BRDA:115,16,0,18
BRDA:115,16,1,18
BRDA:132,17,0,18
BRDA:132,17,1,18
BRDA:145,18,0,18
BRDA:145,18,1,18
BRDA:160,19,0,18
BRDA:160,19,1,18
BRDA:163,20,0,18
BRDA:163,20,1,11
BRDA:169,21,0,0
BRDA:169,21,1,11
BRDA:173,22,0,18
BRDA:173,22,1,3
BRDA:178,23,0,1
BRDA:178,23,1,2
BRDA:178,24,0,3
BRDA:178,24,1,3
BRDA:180,25,0,2
BRDA:180,25,1,1
BRDA:181,26,0,0
BRDA:181,26,1,2
BRDA:186,27,0,18
BRDA:186,27,1,4
BRDA:192,28,0,0
BRDA:192,28,1,4
BRF:51
BRH:46
end_of_record
TN:
SF:packages/color-circle/src/Point.tsx
FN:10,Point
FN:12,(anonymous_1)
FN:16,(anonymous_2)
FNF:3
FNH:3
FNDA:24,Point
FNDA:2,(anonymous_1)
FNDA:1,(anonymous_2)
DA:11,24
DA:12,24
DA:13,2
DA:16,24
DA:17,1
DA:20,24
DA:31,24
LF:7
LH:7
BRDA:22,0,0,6
BRDA:22,0,1,18
BRDA:23,1,0,6
BRDA:23,1,1,18
BRDA:53,2,0,6
BRDA:53,2,1,18
BRF:6
BRH:6
end_of_record
TN:
SF:packages/color-circle/src/index.tsx
FN:12,(anonymous_0)
FN:34,(anonymous_1)
FN:43,(anonymous_2)
FNF:3
FNH:3
FNDA:7,(anonymous_0)
FNDA:24,(anonymous_1)
FNDA:2,(anonymous_2)
DA:12,1
DA:22,7
DA:23,7
DA:24,7
DA:25,7
DA:26,7
DA:27,7
DA:35,24
DA:44,2
DA:50,1
LF:10
LH:10
BRDA:14,0,0,7
BRDA:17,1,0,1
BRDA:18,2,0,7
BRDA:19,3,0,7
BRDA:23,4,0,6
BRDA:23,4,1,1
BRDA:23,5,0,7
BRDA:23,5,1,6
BRDA:23,6,0,1
BRDA:23,6,1,1
BRDA:24,7,0,6
BRDA:24,7,1,1
BRDA:44,8,0,2
BRDA:44,8,1,2
BRF:14
BRH:14
end_of_record
TN:
SF:packages/color-colorful/src/index.tsx
FN:22,(anonymous_0)
FN:52,(anonymous_1)
FN:55,(anonymous_2)
FN:72,(anonymous_3)
FN:73,(anonymous_4)
FN:80,(anonymous_5)
FN:81,(anonymous_6)
FN:91,(anonymous_7)
FN:92,(anonymous_8)
FNF:9
FNH:9
FNDA:27,(anonymous_0)
FNDA:9,(anonymous_1)
FNDA:4,(anonymous_2)
FNDA:9,(anonymous_3)
FNDA:1,(anonymous_4)
FNDA:1,(anonymous_5)
FNDA:9,(anonymous_6)
FNDA:9,(anonymous_7)
FNDA:2,(anonymous_8)
DA:22,1
DA:23,27
DA:38,27
DA:52,1
DA:53,9
DA:54,9
DA:55,9
DA:56,9
DA:72,9
DA:73,1
DA:80,1
DA:82,9
DA:91,9
DA:92,2
DA:99,1
LF:15
LH:15
BRDA:53,0,0,9
BRDA:54,1,0,6
BRDA:54,1,1,3
BRDA:54,2,0,9
BRDA:54,2,1,6
BRDA:54,3,0,3
BRDA:54,3,1,2
BRDA:55,4,0,4
BRDA:55,4,1,4
BRDA:65,5,0,9
BRDA:65,5,1,9
BRDA:78,6,0,0
BRDA:78,6,1,9
BRDA:82,7,0,9
BRDA:82,7,1,9
BRDA:85,8,0,9
BRDA:85,8,1,9
BRF:17
BRH:16
end_of_record
TN:
SF:packages/color-compact/src/index.tsx
FN:63,Point
FN:77,(anonymous_1)
FN:91,(anonymous_2)
FN:92,(anonymous_3)
FN:130,(anonymous_4)
FN:134,(anonymous_5)
FN:152,(anonymous_6)
FNF:7
FNH:7
FNDA:324,Point
FNDA:9,(anonymous_1)
FNDA:7,(anonymous_2)
FNDA:2,(anonymous_3)
FNDA:2,(anonymous_4)
FNDA:2,(anonymous_5)
FNDA:4,(anonymous_6)
DA:24,1
DA:64,324
DA:65,4
DA:77,1
DA:88,9
DA:89,9
DA:90,9
DA:91,9
DA:92,9
DA:93,2
DA:94,1
DA:97,9
DA:103,9
DA:114,9
DA:130,2
DA:134,2
DA:152,4
DA:163,1
LF:18
LH:18
BRDA:64,0,0,320
BRDA:64,0,1,4
BRDA:79,1,0,9
BRDA:84,2,0,9
BRDA:89,3,0,7
BRDA:89,3,1,2
BRDA:89,4,0,9
BRDA:89,4,1,7
BRDA:90,5,0,8
BRDA:90,5,1,1
BRDA:91,6,0,7
BRDA:91,6,1,7
BRDA:93,7,0,1
BRDA:93,7,1,1
BRDA:93,8,0,2
BRDA:93,8,1,1
BRDA:93,8,2,1
BRDA:115,9,0,9
BRDA:115,9,1,9
BRDA:118,10,0,8
BRDA:118,10,1,1
BRF:21
BRH:21
end_of_record
TN:
SF:packages/color-convert/src/index.ts
FN:48,(anonymous_0)
FN:69,(anonymous_1)
FN:75,(anonymous_2)
FN:79,(anonymous_3)
FN:83,(anonymous_4)
FN:88,(anonymous_5)
FN:93,(anonymous_6)
FN:110,(anonymous_7)
FN:129,(anonymous_8)
FN:140,(anonymous_9)
FN:165,(anonymous_10)
FN:170,(anonymous_11)
FN:188,(anonymous_12)
FN:192,(anonymous_13)
FN:194,(anonymous_14)
FN:197,(anonymous_15)
FN:202,(anonymous_16)
FN:203,(anonymous_17)
FN:209,(anonymous_18)
FN:222,(anonymous_19)
FN:272,(anonymous_20)
FN:277,(anonymous_21)
FN:282,(anonymous_22)
FN:283,(anonymous_23)
FN:284,(anonymous_24)
FN:285,(anonymous_25)
FN:286,(anonymous_26)
FN:287,(anonymous_27)
FN:288,(anonymous_28)
FN:297,(anonymous_29)
FN:302,(anonymous_30)
FN:317,(anonymous_31)
FN:318,(anonymous_32)
FN:334,(anonymous_33)
FN:363,(anonymous_34)
FN:372,(anonymous_35)
FN:387,(anonymous_36)
FN:391,(anonymous_37)
FN:398,(anonymous_38)
FNF:39
FNH:39
FNDA:28,(anonymous_0)
FNDA:3,(anonymous_1)
FNDA:2,(anonymous_2)
FNDA:3,(anonymous_3)
FNDA:2,(anonymous_4)
FNDA:3,(anonymous_5)
FNDA:8,(anonymous_6)
FNDA:12,(anonymous_7)
FNDA:16,(anonymous_8)
FNDA:9,(anonymous_9)
FNDA:15,(anonymous_10)
FNDA:7,(anonymous_11)
FNDA:5,(anonymous_12)
FNDA:43,(anonymous_13)
FNDA:43,(anonymous_14)
FNDA:15,(anonymous_15)
FNDA:18,(anonymous_16)
FNDA:184,(anonymous_17)
FNDA:555,(anonymous_18)
FNDA:38,(anonymous_19)
FNDA:2,(anonymous_20)
FNDA:1,(anonymous_21)
FNDA:10,(anonymous_22)
FNDA:7,(anonymous_23)
FNDA:20,(anonymous_24)
FNDA:6,(anonymous_25)
FNDA:7,(anonymous_26)
FNDA:3,(anonymous_27)
FNDA:3,(anonymous_28)
FNDA:6,(anonymous_29)
FNDA:18,(anonymous_30)
FNDA:12,(anonymous_31)
FNDA:36,(anonymous_32)
FNDA:7,(anonymous_33)
FNDA:5,(anonymous_34)
FNDA:7,(anonymous_35)
FNDA:3,(anonymous_36)
FNDA:4,(anonymous_37)
FNDA:18,(anonymous_38)
DA:1,3
DA:2,3
DA:3,3
DA:48,3
DA:49,28
DA:50,28
DA:53,28
DA:61,28
DA:69,3
DA:70,3
DA:72,3
DA:75,3
DA:76,2
DA:79,3
DA:80,3
DA:83,3
DA:84,2
DA:85,2
DA:88,3
DA:89,3
DA:90,3
DA:93,3
DA:95,8
DA:96,8
DA:98,8
DA:100,7
DA:108,3
DA:110,3
DA:111,12
DA:113,12
DA:129,3
DA:130,16
DA:132,16
DA:140,3
DA:142,9
DA:143,9
DA:145,9
DA:147,8
DA:159,3
DA:165,3
DA:166,15
DA:169,3
DA:170,3
DA:172,7
DA:173,7
DA:175,7
DA:177,6
DA:185,3
DA:188,3
DA:189,5
DA:192,3
DA:193,43
DA:194,43
DA:197,3
DA:198,15
DA:199,15
DA:202,18
DA:203,3
DA:204,184
DA:205,184
DA:206,9
DA:208,184
DA:209,555
DA:210,184
DA:222,3
DA:223,38
DA:224,38
DA:225,38
DA:226,38
DA:228,38
DA:229,38
DA:230,38
DA:231,38
DA:232,38
DA:233,38
DA:234,38
DA:236,16
DA:237,16
DA:238,16
DA:239,16
DA:241,2
DA:242,2
DA:243,2
DA:244,2
DA:246,1
DA:247,1
DA:248,1
DA:249,1
DA:251,10
DA:252,10
DA:253,10
DA:254,10
DA:256,2
DA:257,2
DA:258,2
DA:259,2
DA:261,7
DA:262,7
DA:263,7
DA:264,7
DA:266,38
DA:267,38
DA:268,38
DA:269,38
DA:272,3
DA:273,2
DA:274,2
DA:277,3
DA:278,1
DA:279,1
DA:282,10
DA:283,7
DA:284,20
DA:285,6
DA:286,7
DA:287,3
DA:288,3
DA:289,3
DA:297,3
DA:298,6
DA:299,6
DA:300,6
DA:302,6
DA:303,18
DA:306,6
DA:317,3
DA:318,12
DA:319,36
DA:322,12
DA:323,12
DA:324,12
DA:326,12
DA:327,12
DA:328,12
DA:329,12
DA:331,12
DA:334,3
DA:344,7
DA:345,5
DA:346,5
DA:347,2
DA:348,1
DA:350,7
DA:351,6
DA:352,6
DA:353,6
DA:354,6
DA:355,6
DA:356,6
DA:357,6
DA:358,6
DA:360,7
DA:363,3
DA:364,5
DA:365,2
DA:367,3
DA:368,3
DA:369,3
DA:372,3
DA:373,7
DA:375,6
DA:381,14
DA:384,3
DA:387,3
DA:388,3
DA:391,3
DA:392,4
DA:395,2
DA:398,18
LF:169
LH:169
BRDA:53,0,0,17
BRDA:53,0,1,11
BRDA:54,1,0,12
BRDA:54,1,1,5
BRDA:56,2,0,1
BRDA:56,2,1,4
BRDA:62,3,0,5
BRDA:62,3,1,23
BRDA:63,4,0,25
BRDA:63,4,1,3
BRDA:89,5,0,3
BRDA:89,5,1,1
BRDA:98,6,0,1
BRDA:98,6,1,7
BRDA:104,7,0,4
BRDA:104,7,1,3
BRDA:104,8,0,1
BRDA:104,8,1,2
BRDA:111,9,0,5
BRDA:111,9,1,7
BRDA:115,10,0,7
BRDA:115,10,1,5
BRDA:134,11,0,10
BRDA:134,11,1,6
BRDA:134,12,0,16
BRDA:134,12,1,12
BRDA:134,13,0,9
BRDA:134,13,1,1
BRDA:145,14,0,1
BRDA:145,14,1,8
BRDA:151,15,0,6
BRDA:151,15,1,2
BRDA:151,16,0,1
BRDA:151,16,1,1
BRDA:165,17,0,8
BRDA:166,18,0,15
BRDA:166,18,1,11
BRDA:175,19,0,1
BRDA:175,19,1,6
BRDA:178,20,0,3
BRDA:178,20,1,3
BRDA:179,21,0,3
BRDA:179,21,1,3
BRDA:180,22,0,3
BRDA:180,22,1,3
BRDA:181,23,0,4
BRDA:181,23,1,2
BRDA:181,24,0,1
BRDA:181,24,1,1
BRDA:198,25,0,15
BRDA:198,25,1,14
BRDA:199,26,0,14
BRDA:199,26,1,1
BRDA:205,27,0,9
BRDA:205,27,1,175
BRDA:205,28,0,184
BRDA:205,28,1,184
BRDA:209,29,0,1
BRDA:214,30,0,184
BRDA:214,30,1,180
BRDA:234,31,0,16
BRDA:234,31,1,2
BRDA:234,31,2,1
BRDA:234,31,3,10
BRDA:234,31,4,2
BRDA:234,31,5,7
BRDA:297,32,0,0
BRDA:303,33,0,6
BRDA:303,33,1,12
BRDA:319,34,0,12
BRDA:319,34,1,24
BRDA:344,35,0,5
BRDA:344,35,1,2
BRDA:344,36,0,7
BRDA:344,36,1,6
BRDA:347,37,0,1
BRDA:347,37,1,1
BRDA:350,38,0,6
BRDA:350,38,1,1
BRDA:364,39,0,2
BRDA:364,39,1,3
BRDA:369,40,0,1
BRDA:369,40,1,2
BRDA:373,41,0,1
BRDA:373,41,1,6
BRDA:381,42,0,3
BRDA:381,42,1,11
BRDA:392,43,0,2
BRDA:392,43,1,2
BRF:89
BRH:88
end_of_record
TN:
SF:packages/color-editable-input-hsla/src/index.tsx
FN:13,(anonymous_0)
FN:26,(anonymous_1)
FN:57,(anonymous_2)
FN:67,(anonymous_3)
FN:73,(anonymous_4)
FN:79,(anonymous_5)
FNF:6
FNH:6
FNDA:12,(anonymous_0)
FNDA:16,(anonymous_1)
FNDA:4,(anonymous_2)
FNDA:4,(anonymous_3)
FNDA:4,(anonymous_4)
FNDA:4,(anonymous_5)
DA:13,1
DA:24,12
DA:25,12
DA:26,12
DA:27,16
DA:28,13
DA:29,3
DA:30,3
DA:31,3
DA:33,13
DA:34,3
DA:35,3
DA:36,3
DA:38,13
DA:39,3
DA:40,3
DA:41,3
DA:43,13
DA:44,4
DA:45,4
DA:46,4
DA:51,12
DA:57,4
DA:59,12
DA:67,4
DA:73,4
DA:79,4
DA:88,1
LF:28
LH:28
BRDA:15,0,0,12
BRDA:17,1,0,12
BRDA:18,2,0,12
BRDA:19,3,0,12
BRDA:20,4,0,12
BRDA:25,5,0,11
BRDA:25,5,1,1
BRDA:27,6,0,13
BRDA:27,6,1,3
BRDA:28,7,0,3
BRDA:28,7,1,10
BRDA:29,8,0,1
BRDA:29,8,1,2
BRDA:30,9,0,1
BRDA:30,9,1,2
BRDA:31,10,0,3
BRDA:31,10,1,3
BRDA:33,11,0,3
BRDA:33,11,1,10
BRDA:34,12,0,1
BRDA:34,12,1,2
BRDA:35,13,0,1
BRDA:35,13,1,2
BRDA:36,14,0,3
BRDA:36,14,1,3
BRDA:38,15,0,3
BRDA:38,15,1,10
BRDA:39,16,0,1
BRDA:39,16,1,2
BRDA:40,17,0,1
BRDA:40,17,1,2
BRDA:41,18,0,3
BRDA:41,18,1,3
BRDA:43,19,0,4
BRDA:43,19,1,9
BRDA:44,20,0,2
BRDA:44,20,1,2
BRDA:45,21,0,1
BRDA:45,21,1,3
BRDA:46,22,0,4
BRDA:46,22,1,4
BRDA:51,23,0,0
BRDA:51,23,1,12
BRDA:82,24,0,12
BRDA:82,24,1,12
BRF:45
BRH:44
end_of_record
TN:
SF:packages/color-editable-input-rgba/src/index.tsx
FN:16,(anonymous_0)
FN:31,handleBlur
FN:40,(anonymous_2)
FN:82,(anonymous_3)
FN:91,(anonymous_4)
FN:100,(anonymous_5)
FN:110,(anonymous_6)
FNF:7
FNH:7
FNDA:13,(anonymous_0)
FNDA:6,handleBlur
FNDA:9,(anonymous_2)
FNDA:2,(anonymous_3)
FNDA:1,(anonymous_4)
FNDA:1,(anonymous_5)
FNDA:5,(anonymous_6)
DA:16,1
DA:29,13
DA:30,13
DA:32,6
DA:33,6
DA:34,3
DA:36,6
DA:37,3
DA:40,13
DA:41,9
DA:42,6
DA:43,3
DA:44,3
DA:45,3
DA:47,6
DA:48,1
DA:49,1
DA:51,6
DA:52,2
DA:53,2
DA:55,6
DA:56,1
DA:58,6
DA:59,1
DA:61,6
DA:62,1
DA:66,13
DA:82,2
DA:91,1
DA:100,1
DA:110,5
DA:119,1
LF:32
LH:32
BRDA:18,0,0,13
BRDA:20,1,0,13
BRDA:21,2,0,13
BRDA:22,3,0,13
BRDA:23,4,0,13
BRDA:24,5,0,13
BRDA:30,6,0,11
BRDA:30,6,1,2
BRDA:33,7,0,3
BRDA:33,7,1,3
BRDA:33,8,0,6
BRDA:33,8,1,6
BRDA:36,9,0,3
BRDA:36,9,1,3
BRDA:36,10,0,6
BRDA:36,10,1,6
BRDA:41,11,0,6
BRDA:41,11,1,3
BRDA:42,12,0,3
BRDA:42,12,1,3
BRDA:43,13,0,1
BRDA:43,13,1,2
BRDA:44,14,0,2
BRDA:44,14,1,1
BRDA:45,15,0,3
BRDA:45,15,1,3
BRDA:47,16,0,1
BRDA:47,16,1,5
BRDA:51,17,0,2
BRDA:51,17,1,4
BRDA:55,18,0,1
BRDA:55,18,1,5
BRDA:56,19,0,1
BRDA:56,19,1,1
BRDA:58,20,0,1
BRDA:58,20,1,5
BRDA:59,21,0,1
BRDA:59,21,1,1
BRDA:61,22,0,1
BRDA:61,22,1,5
BRDA:62,23,0,1
BRDA:62,23,1,1
BRDA:69,24,0,13
BRDA:69,24,1,13
BRDA:79,25,0,13
BRDA:79,25,1,2
BRDA:88,26,0,13
BRDA:88,26,1,3
BRDA:97,27,0,13
BRDA:97,27,1,3
BRDA:104,28,0,13
BRDA:104,28,1,13
BRDA:107,29,0,10
BRDA:107,29,1,3
BRF:54
BRH:54
end_of_record
TN:
SF:packages/color-editable-input/src/index.tsx
FN:4,(anonymous_0)
FN:5,(anonymous_1)
FN:18,(anonymous_2)
FN:36,(anonymous_3)
FN:44,handleChange
FN:55,handleBlur
FN:101,(anonymous_6)
FNF:7
FNH:7
FNDA:3,(anonymous_0)
FNDA:3,(anonymous_1)
FNDA:15,(anonymous_2)
FNDA:13,(anonymous_3)
FNDA:3,handleChange
FNDA:1,handleBlur
FNDA:4,(anonymous_6)
DA:4,3
DA:5,3
DA:18,1
DA:32,15
DA:33,15
DA:34,15
DA:36,15
DA:37,13
DA:38,4
DA:39,1
DA:45,3
DA:46,3
DA:47,1
DA:49,3
DA:50,3
DA:51,3
DA:53,3
DA:56,1
DA:57,1
DA:58,1
DA:60,15
DA:61,15
DA:62,12
DA:64,15
DA:65,1
DA:67,15
DA:68,1
DA:70,15
DA:81,15
DA:96,15
DA:101,4
DA:105,15
DA:122,1
LF:33
LH:33
BRDA:20,0,0,15
BRDA:21,1,0,11
BRDA:37,2,0,4
BRDA:37,2,1,9
BRDA:38,3,0,1
BRDA:38,3,1,3
BRDA:45,4,0,3
BRDA:45,4,1,3
BRDA:46,5,0,1
BRDA:46,5,1,2
BRDA:47,6,0,1
BRDA:47,6,1,1
BRDA:50,7,0,3
BRDA:50,7,1,0
BRDA:51,8,0,3
BRDA:51,8,1,3
BRDA:58,9,0,1
BRDA:58,9,1,1
BRDA:61,10,0,12
BRDA:61,10,1,3
BRDA:64,11,0,1
BRDA:64,11,1,14
BRDA:67,12,0,1
BRDA:67,12,1,14
BRDA:106,13,0,15
BRDA:106,13,1,15
BRDA:107,14,0,0
BRDA:107,14,1,15
BRDA:108,15,0,15
BRDA:108,15,1,15
BRF:30
BRH:28
end_of_record
TN:
SF:packages/color-github/src/Point.tsx
FN:18,Point
FN:20,(anonymous_1)
FN:26,(anonymous_2)
FNF:3
FNH:3
FNDA:53,Point
FNDA:2,(anonymous_1)
FNDA:2,(anonymous_2)
DA:9,1
DA:19,53
DA:20,53
DA:21,2
DA:22,2
DA:23,2
DA:26,53
DA:27,2
DA:28,1
DA:29,1
DA:30,1
DA:34,53
DA:44,53
LF:13
LH:13
BRDA:27,0,0,1
BRDA:27,0,1,1
BRDA:34,1,0,2
BRDA:34,1,1,51
BRF:4
BRH:4
end_of_record
TN:
SF:packages/color-github/src/index.tsx
FN:51,(anonymous_0)
FN:67,(anonymous_1)
FN:176,(anonymous_2)
FNF:3
FNH:3
FNDA:18,(anonymous_0)
FNDA:1,(anonymous_1)
FNDA:57,(anonymous_2)
DA:6,1
DA:51,1
DA:64,18
DA:65,18
DA:66,18
DA:67,18
DA:69,18
DA:84,18
DA:88,18
DA:89,18
DA:90,18
DA:91,8
DA:92,8
DA:93,8
DA:94,8
DA:96,18
DA:97,6
DA:98,6
DA:100,18
DA:101,1
DA:102,1
DA:104,18
DA:105,1
DA:106,1
DA:108,18
DA:109,3
DA:110,3
DA:111,3
DA:112,3
DA:113,3
DA:114,1
DA:115,1
DA:117,3
DA:118,1
DA:119,1
DA:121,3
DA:122,1
DA:123,1
DA:126,18
DA:127,11
DA:128,2
DA:129,2
DA:130,2
DA:131,2
DA:133,11
DA:134,7
DA:135,7
DA:137,11
DA:138,2
DA:139,2
DA:142,18
DA:143,4
DA:144,4
DA:145,4
DA:146,4
DA:147,4
DA:148,4
DA:150,18
DA:151,3
DA:152,3
DA:153,3
DA:154,3
DA:155,3
DA:156,3
DA:158,18
DA:159,7
DA:160,2
DA:161,2
DA:163,7
DA:164,3
DA:165,3
DA:166,3
DA:167,3
DA:169,7
DA:170,2
DA:171,2
DA:172,2
DA:173,2
DA:176,18
DA:177,57
DA:178,57
DA:179,53
DA:181,18
DA:214,1
LF:84
LH:84
BRDA:53,0,0,18
BRDA:54,1,0,5
BRDA:58,2,0,1
BRDA:59,3,0,18
BRDA:60,4,0,18
BRDA:65,5,0,2
BRDA:65,5,1,16
BRDA:65,6,0,18
BRDA:65,6,1,2
BRDA:66,7,0,2
BRDA:66,7,1,16
BRDA:67,8,0,1
BRDA:67,8,1,1
BRDA:90,9,0,8
BRDA:90,9,1,10
BRDA:96,10,0,6
BRDA:96,10,1,12
BRDA:100,11,0,1
BRDA:100,11,1,17
BRDA:104,12,0,1
BRDA:104,12,1,17
BRDA:108,13,0,3
BRDA:108,13,1,15
BRDA:113,14,0,1
BRDA:113,14,1,2
BRDA:117,15,0,1
BRDA:117,15,1,2
BRDA:121,16,0,1
BRDA:121,16,1,2
BRDA:126,17,0,11
BRDA:126,17,1,7
BRDA:127,18,0,2
BRDA:127,18,1,9
BRDA:127,19,0,11
BRDA:127,19,1,10
BRDA:133,20,0,7
BRDA:133,20,1,4
BRDA:133,21,0,11
BRDA:133,21,1,5
BRDA:137,22,0,2
BRDA:137,22,1,9
BRDA:137,23,0,11
BRDA:137,23,1,10
BRDA:142,24,0,4
BRDA:142,24,1,14
BRDA:150,25,0,3
BRDA:150,25,1,15
BRDA:158,26,0,7
BRDA:158,26,1,11
BRDA:159,27,0,2
BRDA:159,27,1,5
BRDA:159,28,0,7
BRDA:159,28,1,6
BRDA:163,29,0,3
BRDA:163,29,1,4
BRDA:163,30,0,7
BRDA:163,30,1,5
BRDA:169,31,0,2
BRDA:169,31,1,5
BRDA:169,32,0,7
BRDA:169,32,1,6
BRDA:177,33,0,57
BRDA:177,33,1,4
BRDA:178,34,0,4
BRDA:178,34,1,53
BRDA:202,35,0,18
BRDA:202,35,1,18
BRF:67
BRH:67
end_of_record
TN:
SF:packages/color-hue/src/index.tsx
FN:9,(anonymous_0)
FN:21,(anonymous_1)
FNF:2
FNH:2
FNDA:4,(anonymous_0)
FNDA:3,(anonymous_1)
DA:9,1
DA:10,4
DA:11,4
DA:22,3
DA:28,1
LF:5
LH:5
BRDA:10,0,0,4
BRDA:10,1,0,1
BRDA:10,2,0,2
BRDA:14,3,0,4
BRDA:14,3,1,4
BRDA:18,4,0,2
BRDA:18,4,1,2
BRDA:22,5,0,3
BRDA:22,5,1,3
BRDA:22,6,0,1
BRDA:22,6,1,2
BRF:11
BRH:11
end_of_record
TN:
SF:packages/color-material/src/index.tsx
FN:23,(anonymous_0)
FN:27,(anonymous_1)
FN:30,(anonymous_2)
FN:51,(anonymous_3)
FN:52,(anonymous_4)
FN:95,(anonymous_5)
FNF:6
FNH:6
FNDA:10,(anonymous_0)
FNDA:5,(anonymous_1)
FNDA:7,(anonymous_2)
FNDA:5,(anonymous_3)
FNDA:2,(anonymous_4)
FNDA:5,(anonymous_5)
DA:12,1
DA:23,1
DA:24,10
DA:25,10
DA:26,10
DA:27,10
DA:28,5
DA:30,10
DA:31,7
DA:32,5
DA:36,10
DA:46,10
DA:51,5
DA:53,2
DA:54,2
DA:55,2
DA:95,5
DA:101,1
LF:18
LH:18
BRDA:24,0,0,10
BRDA:25,1,0,8
BRDA:25,1,1,2
BRDA:25,2,0,10
BRDA:25,2,1,9
BRDA:26,3,0,9
BRDA:26,3,1,1
BRDA:28,4,0,5
BRDA:28,4,1,5
BRDA:31,5,0,5
BRDA:31,5,1,2
BRDA:31,6,0,7
BRDA:31,6,1,5
BRDA:31,6,2,5
BRDA:32,7,0,5
BRDA:32,7,1,5
BRDA:47,8,0,10
BRDA:47,8,1,10
BRDA:65,9,0,9
BRDA:65,9,1,1
BRF:20
BRH:20
end_of_record
TN:
SF:packages/color-name/src/index.tsx
FN:12,(anonymous_0)
FN:39,(anonymous_1)
FN:44,colorNameToHex
FNF:3
FNH:3
FNDA:148,(anonymous_0)
FNDA:16,(anonymous_1)
FNDA:148,colorNameToHex
DA:12,1
DA:13,148
DA:14,148
DA:17,1
DA:39,1
DA:40,16
DA:41,16
DA:45,148
LF:8
LH:8
BRF:0
BRH:0
end_of_record
TN:
SF:packages/color-saturation/src/Pointer.tsx
FN:11,(anonymous_0)
FN:30,(anonymous_1)
FNF:2
FNH:2
FNDA:2,(anonymous_0)
FNDA:2,(anonymous_1)
DA:11,1
DA:12,2
DA:18,2
DA:29,2
DA:31,2
LF:5
LH:5
BRDA:31,0,0,2
BRDA:31,0,1,2
BRF:2
BRH:2
end_of_record
TN:
SF:packages/color-saturation/src/index.tsx
FN:17,(anonymous_0)
FN:27,(anonymous_1)
FN:39,(anonymous_2)
FNF:3
FNH:3
FNDA:2,(anonymous_0)
FNDA:1,(anonymous_1)
FNDA:2,(anonymous_2)
DA:17,1
DA:18,2
DA:19,2
DA:27,2
DA:28,1
DA:39,2
DA:40,2
DA:41,2
DA:46,2
DA:47,0
DA:49,2
DA:52,2
DA:74,1
LF:13
LH:12
BRDA:18,0,0,2
BRDA:18,1,0,2
BRDA:18,2,0,2
BRDA:28,3,0,1
BRDA:28,3,1,1
BRDA:28,3,2,1
BRDA:40,4,0,0
BRDA:40,4,1,2
BRDA:46,5,0,0
BRDA:46,5,1,2
BRDA:46,6,0,2
BRDA:46,6,1,0
BRDA:54,7,0,2
BRDA:54,7,1,2
BRDA:61,8,0,2
BRDA:61,8,1,0
BRF:16
BRH:12
end_of_record
TN:
SF:packages/color-shade-slider/src/index.tsx
FN:9,(anonymous_0)
FN:20,(anonymous_1)
FNF:2
FNH:2
FNDA:3,(anonymous_0)
FNDA:2,(anonymous_1)
DA:9,1
DA:10,3
DA:11,3
DA:12,3
DA:21,2
DA:30,1
LF:6
LH:6
BRDA:10,0,0,3
BRDA:10,1,0,2
BRDA:16,2,0,3
BRDA:16,2,1,3
BRDA:19,3,0,2
BRDA:19,3,1,1
BRDA:21,4,0,2
BRDA:21,4,1,2
BRDA:23,5,0,1
BRDA:23,5,1,1
BRF:10
BRH:10
end_of_record
TN:
SF:packages/color-sketch/src/index.tsx
FN:47,(anonymous_0)
FN:62,(anonymous_1)
FN:76,(anonymous_2)
FN:85,(anonymous_3)
FN:90,(anonymous_4)
FN:95,(anonymous_5)
FN:96,(anonymous_6)
FN:139,(anonymous_7)
FN:168,(anonymous_8)
FN:178,(anonymous_9)
FN:185,(anonymous_10)
FN:194,(anonymous_11)
FNF:12
FNH:12
FNDA:88,(anonymous_0)
FNDA:44,(anonymous_1)
FNDA:15,(anonymous_2)
FNDA:13,(anonymous_3)
FNDA:2,(anonymous_4)
FNDA:1,(anonymous_5)
FNDA:1,(anonymous_6)
FNDA:1,(anonymous_7)
FNDA:44,(anonymous_8)
FNDA:2,(anonymous_9)
FNDA:6,(anonymous_10)
FNDA:3,(anonymous_11)
DA:19,1
DA:47,1
DA:48,88
DA:62,1
DA:74,44
DA:75,44
DA:76,44
DA:77,15
DA:78,13
DA:80,15
DA:81,2
DA:85,44
DA:86,13
DA:87,13
DA:90,44
DA:91,2
DA:92,1
DA:95,44
DA:96,44
DA:97,44
DA:109,44
DA:114,44
DA:119,44
DA:125,44
DA:139,1
DA:168,44
DA:178,2
DA:185,6
DA:194,3
DA:204,1
LF:30
LH:30
BRDA:64,0,0,44
BRDA:67,1,0,44
BRDA:68,2,0,40
BRDA:70,3,0,42
BRDA:71,4,0,44
BRDA:77,5,0,13
BRDA:77,5,1,2
BRDA:77,6,0,15
BRDA:77,6,1,13
BRDA:80,7,0,2
BRDA:80,7,1,13
BRDA:87,8,0,13
BRDA:87,8,1,13
BRDA:91,9,0,1
BRDA:91,9,1,1
BRDA:91,10,0,2
BRDA:91,10,1,1
BRDA:91,10,2,1
BRDA:126,11,0,44
BRDA:126,11,1,44
BRDA:141,12,0,44
BRDA:141,12,1,44
BRDA:155,13,0,44
BRDA:155,13,1,44
BRDA:173,14,0,44
BRDA:173,14,1,42
BRDA:184,15,0,42
BRDA:184,15,1,0
BRDA:189,16,0,44
BRDA:189,16,1,43
BRDA:189,16,2,43
BRF:31
BRH:30
end_of_record
TN:
SF:packages/color-slider/src/index.tsx
FN:20,(anonymous_0)
FN:23,(anonymous_1)
FN:33,(anonymous_2)
FN:47,(anonymous_3)
FNF:4
FNH:4
FNDA:5,(anonymous_0)
FNDA:3,(anonymous_1)
FNDA:25,(anonymous_2)
FNDA:3,(anonymous_3)
DA:20,1
DA:21,5
DA:22,5
DA:23,5
DA:24,3
DA:26,5
DA:34,25
DA:35,25
DA:36,25
DA:37,25
DA:47,3
DA:67,1
LF:12
LH:12
BRDA:21,0,0,5
BRDA:21,1,0,5
BRDA:22,2,0,1
BRDA:22,2,1,4
BRDA:22,3,0,5
BRDA:22,3,1,1
BRDA:22,4,0,4
BRDA:22,4,1,1
BRDA:24,5,0,3
BRDA:24,5,1,3
BRDA:30,6,0,5
BRDA:30,6,1,5
BRDA:52,7,0,1
BRDA:52,7,1,24
BRF:14
BRH:14
end_of_record
TN:
SF:packages/color-swatch/src/index.tsx
FN:23,(anonymous_0)
FN:50,(anonymous_1)
FN:68,(anonymous_2)
FN:87,(anonymous_3)
FN:104,(anonymous_4)
FNF:5
FNH:5
FNDA:7,(anonymous_0)
FNDA:2,(anonymous_1)
FNDA:20,(anonymous_2)
FNDA:1,(anonymous_3)
FNDA:1,(anonymous_4)
DA:23,1
DA:36,7
DA:37,7
DA:50,7
DA:51,2
DA:53,7
DA:69,20
DA:70,20
DA:71,20
DA:72,12
DA:73,12
DA:75,20
DA:76,8
DA:77,8
DA:79,20
DA:81,20
DA:87,1
DA:89,20
DA:90,4
DA:93,16
DA:99,16
DA:104,1
DA:116,1
LF:23
LH:23
BRDA:25,0,0,7
BRDA:28,1,0,2
BRDA:30,2,0,4
BRDA:51,3,0,2
BRDA:51,3,1,2
BRDA:57,4,0,7
BRDA:57,4,1,7
BRDA:65,5,0,7
BRDA:65,5,1,1
BRDA:65,5,2,1
BRDA:66,6,0,7
BRDA:66,6,1,7
BRDA:66,6,2,7
BRDA:71,7,0,12
BRDA:71,7,1,8
BRDA:75,8,0,8
BRDA:75,8,1,12
BRDA:75,9,0,20
BRDA:75,9,1,8
BRDA:76,10,0,8
BRDA:76,10,1,4
BRDA:79,11,0,20
BRDA:79,11,1,20
BRDA:81,12,0,20
BRDA:81,12,1,4
BRDA:89,13,0,4
BRDA:89,13,1,16
BRDA:93,14,0,4
BRDA:93,14,1,12
BRDA:93,15,0,16
BRDA:93,15,1,4
BRDA:111,16,0,7
BRDA:111,16,1,1
BRDA:111,16,2,1
BRF:34
BRH:34
end_of_record
TN:
SF:packages/color-wheel/src/Pointer.tsx
FN:13,(anonymous_0)
FNF:1
FNH:1
FNDA:4,(anonymous_0)
DA:11,1
DA:13,1
DA:14,4
DA:20,4
DA:21,4
LF:5
LH:5
BRDA:20,0,0,4
BRDA:20,0,1,4
BRF:2
BRH:2
end_of_record
TN:
SF:packages/color-wheel/src/index.tsx
FN:26,(anonymous_0)
FN:50,(anonymous_1)
FNF:2
FNH:2
FNDA:4,(anonymous_0)
FNDA:4,(anonymous_1)
DA:23,1
DA:24,1
DA:26,1
DA:41,4
DA:42,4
DA:43,4
DA:44,4
DA:45,4
DA:50,4
DA:51,4
DA:52,4
DA:58,4
DA:60,4
DA:67,4
DA:72,4
DA:118,1
LF:16
LH:16
BRDA:28,0,0,4
BRDA:29,1,0,4
BRDA:33,2,0,4
BRDA:34,3,0,4
BRDA:36,4,0,3
BRDA:37,5,0,4
BRDA:42,6,0,1
BRDA:42,6,1,3
BRDA:42,7,0,4
BRDA:42,7,1,1
BRDA:42,8,0,3
BRDA:42,8,1,2
BRDA:43,9,0,2
BRDA:43,9,1,2
BRDA:58,10,0,4
BRDA:58,10,1,4
BRDA:63,11,0,0
BRDA:63,11,1,4
BRDA:63,12,0,4
BRDA:63,12,1,4
BRDA:63,13,0,0
BRDA:63,13,1,4
BRDA:63,14,0,4
BRDA:63,14,1,4
BRDA:67,15,0,0
BRDA:67,15,1,4
BRDA:67,16,0,4
BRDA:67,16,1,0
BRDA:74,17,0,4
BRDA:74,17,1,4
BRDA:79,18,0,0
BRDA:79,18,1,4
BRDA:79,19,0,4
BRDA:79,19,1,4
BRDA:79,20,0,0
BRDA:79,20,1,4
BRDA:79,21,0,4
BRDA:79,21,1,4
BRDA:92,22,0,3
BRDA:92,22,1,1
BRDA:111,23,0,2
BRDA:111,23,1,2
BRF:42
BRH:36
end_of_record
TN:
SF:packages/color-wheel/src/utils.ts
FN:10,(anonymous_0)
FN:13,(anonymous_1)
FN:18,getWheelDimensions
FN:31,isInputInsideWheel
FN:40,getWheelHandlePosition
FN:55,getHandleRange
FN:62,translateWheelAngle
FN:82,getWheelValueFromInput
FNF:8
FNH:8
FNDA:30,(anonymous_0)
FNDA:10,(anonymous_1)
FNDA:19,getWheelDimensions
FNDA:4,isInputInsideWheel
FNDA:6,getWheelHandlePosition
FNDA:14,getHandleRange
FNDA:16,translateWheelAngle
FNDA:6,getWheelValueFromInput
DA:4,1
DA:10,30
DA:13,10
DA:19,19
DA:20,19
DA:32,4
DA:33,4
DA:34,4
DA:41,6
DA:42,6
DA:43,6
DA:44,6
DA:45,6
DA:46,6
DA:56,14
DA:63,16
DA:64,16
DA:66,16
DA:68,14
DA:70,12
DA:72,11
DA:73,16
DA:83,6
DA:84,6
DA:85,6
DA:86,6
DA:88,6
DA:91,6
DA:92,6
LF:29
LH:29
BRDA:18,0,0,1
BRDA:45,1,0,1
BRDA:45,1,1,5
BRDA:55,2,0,1
BRDA:63,3,0,16
BRDA:63,3,1,12
BRDA:66,4,0,2
BRDA:66,4,1,14
BRDA:66,5,0,16
BRDA:66,5,1,8
BRDA:68,6,0,2
BRDA:68,6,1,12
BRDA:70,7,0,1
BRDA:70,7,1,11
BRDA:70,8,0,12
BRDA:70,8,1,6
BRDA:72,9,0,1
BRDA:72,9,1,10
BRF:18
BRH:18
end_of_record
TN:
SF:packages/color/src/index.tsx
FNF:0
FNH:0
LF:0
LH:0
BRF:0
BRH:0
end_of_record
TN:
SF:packages/drag-event-interactive/src/index.tsx
FN:12,(anonymous_0)
FN:22,(anonymous_1)
FN:28,(anonymous_2)
FN:43,(anonymous_3)
FN:45,(anonymous_4)
FN:59,(anonymous_5)
FN:61,(anonymous_6)
FN:67,(anonymous_7)
FNF:8
FNH:8
FNDA:10,(anonymous_0)
FNDA:4,(anonymous_1)
FNDA:3,(anonymous_2)
FNDA:1,(anonymous_3)
FNDA:18,(anonymous_4)
FNDA:9,(anonymous_5)
FNDA:9,(anonymous_6)
FNDA:4,(anonymous_7)
DA:12,1
DA:13,10
DA:14,10
DA:15,10
DA:16,10
DA:17,10
DA:18,10
DA:22,10
DA:23,4
DA:24,3
DA:25,3
DA:27,10
DA:29,3
DA:30,3
DA:32,3
DA:33,3
DA:34,1
DA:35,1
DA:38,2
DA:43,10
DA:44,10
DA:46,18
DA:47,3
DA:48,3
DA:50,15
DA:51,15
DA:52,15
DA:53,15
DA:59,10
DA:60,9
DA:61,9
DA:62,9
DA:66,10
DA:68,4
DA:69,4
DA:70,3
DA:71,3
DA:72,3
DA:77,10
DA:93,1
LF:40
LH:40
BRDA:13,0,0,10
BRDA:23,1,0,1
BRDA:23,1,1,3
BRDA:23,2,0,4
BRDA:23,2,1,1
BRDA:30,3,0,0
BRDA:30,3,1,3
BRDA:32,4,0,1
BRDA:32,4,1,2
BRDA:33,5,0,1
BRDA:33,5,1,2
BRDA:46,6,0,3
BRDA:46,6,1,15
BRDA:47,7,0,2
BRDA:47,7,1,1
BRDA:48,8,0,2
BRDA:48,8,1,1
BRDA:69,9,0,1
BRDA:69,9,1,3
BRDA:70,10,0,0
BRDA:70,10,1,3
BRDA:80,11,0,10
BRDA:80,11,1,10
BRF:23
BRH:21
end_of_record
TN:
SF:packages/drag-event-interactive/src/utils.ts
FN:4,useEventCallback
FN:7,(anonymous_1)
FN:11,(anonymous_2)
FN:15,(anonymous_3)
FN:20,(anonymous_4)
FN:26,(anonymous_5)
FN:40,(anonymous_6)
FNF:7
FNH:7
FNDA:20,useEventCallback
FNDA:18,(anonymous_1)
FNDA:5,(anonymous_2)
FNDA:19,(anonymous_3)
FNDA:7,(anonymous_4)
FNDA:17,(anonymous_5)
FNDA:5,(anonymous_6)
DA:5,20
DA:7,20
DA:8,18
DA:11,20
DA:15,19
DA:20,1
DA:21,7
DA:26,1
DA:27,17
DA:40,1
DA:41,5
DA:44,5
DA:46,5
LF:13
LH:13
BRDA:11,0,0,5
BRDA:11,0,1,5
BRDA:21,1,0,7
BRDA:21,1,1,4
BRDA:21,1,2,4
BRDA:26,2,0,17
BRDA:26,3,0,17
BRDA:27,4,0,2
BRDA:27,4,1,15
BRDA:27,5,0,2
BRDA:27,5,1,13
BRDA:44,6,0,3
BRDA:44,6,1,2
BRF:13
BRH:13
end_of_record
